[debug] > Exec(early(addDefaultCommands), None, None)
[debug] > Exec(addDefaultCommands, None, None)
[debug] > Exec(early(initialize), None, None)
[debug] > Exec(initialize, None, None)
[debug] > Exec(boot, None, None)
[debug] > Exec(writeSbtVersion, None, None)
[debug] > Exec(reload, None, None)
[debug] > Exec(sbtStashOnFailure, None, None)
[debug] > Exec(onFailure loadFailed, None, None)
[debug] > Exec(loadp, None, None)
[info] welcome to sbt 1.6.2 (Ubuntu Java 11.0.14)
[debug]       Load.loadUnit: plugins took 91.770232ms
[debug]       Load.loadUnit: defsScala took 0.294415ms
[debug] [Loading] Scanning directory /home/sammy-thige/.sbt/1.0/plugins
[debug] [Loading] Found non-root projects 
[debug] [Loading] Done in /home/sammy-thige/.sbt/1.0/plugins, returning: ()
[debug] deducing auto plugins based on known facts Set(Atom(sbt.plugins.CorePlugin)) and clauses Clauses(Clause(Atom(sbt.plugins.JvmPlugin),Set(Atom(sbt.plugins.IvyPlugin)))
[debug] Clause(Atom(sbt.ScriptedPlugin),Set(Atom(sbt.plugins.JvmPlugin)))
[debug] Clause(Atom(sbt.plugins.SbtPlugin),Set(Atom(sbt.ScriptedPlugin)))
[debug] Clause(Atom(sbt.plugins.SemanticdbPlugin),Set(Atom(sbt.plugins.JvmPlugin)))
[debug] Clause(Atom(sbt.plugins.JUnitXmlReportPlugin),Set(Atom(sbt.plugins.JvmPlugin)))
[debug] Clause(Atom(sbt.plugins.MiniDependencyTreePlugin),Set(Atom(sbt.plugins.JvmPlugin)))
[debug] Clause(Atom(sbt.plugins.CorePlugin),Set(Atom(sbt.plugins.IvyPlugin)))
[debug] Clause(Atom(sbt.plugins.IvyPlugin),Set(Atom(sbt.plugins.JvmPlugin)))
[debug] Clause(Atom(sbt.plugins.JvmPlugin),Set(Atom(sbt.plugins.SemanticdbPlugin)))
[debug] Clause(Atom(sbt.plugins.JvmPlugin),Set(Atom(sbt.plugins.JUnitXmlReportPlugin)))
[debug] Clause(Atom(sbt.plugins.CorePlugin),Set(Atom(sbt.plugins.Giter8TemplatePlugin)))
[debug] Clause(Atom(sbt.plugins.JvmPlugin),Set(Atom(sbt.plugins.MiniDependencyTreePlugin))))
[debug]   :: deduced result: Matched(sbt.plugins.CorePlugin,sbt.plugins.Giter8TemplatePlugin,sbt.plugins.IvyPlugin,sbt.plugins.JvmPlugin,sbt.plugins.MiniDependencyTreePlugin,sbt.plugins.JUnitXmlReportPlugin,sbt.plugins.SemanticdbPlugin)
[debug] Plugins.deducer#function took 19.254688 ms
[debug]           Load.resolveProject(global-plugins) took 49.989519ms
[debug]         Load.loadTransitive: finalizeProject(Project(id global-plugins, base: /home/sammy-thige/.sbt/1.0/plugins, plugins: List(<none>))) took 94.943584ms
[debug] [Loading] Done in /home/sammy-thige/.sbt/1.0/plugins, returning: (global-plugins)
[debug]       Load.loadUnit: loadedProjectsRaw took 116.252738ms
[debug]       Load.loadUnit: cleanEvalClasses took 0.238055ms
[debug]     Load.loadUnit(file:/home/sammy-thige/.sbt/1.0/plugins/, ...) took 217.1136ms
[debug]   Load.apply: load took 372.425978ms
[debug]   Load.apply: resolveProjects took 5.419381ms
[debug]   Load.apply: finalTransforms took 50.057508ms
[debug]   Load.apply: config.delegates took 5.736818ms
[debug]   Load.apply: Def.make(settings)... took 644.121914ms
[debug]   Load.apply: structureIndex took 141.072283ms
[debug]   Load.apply: mkStreams took 2.463751ms
[info] loading global plugins from /home/sammy-thige/.sbt/1.0/plugins
[debug] Running task... Cancel: Signal, check cycles: false, forcegc: true
[debug] Load.defaultLoad until apply took 3364.028032ms
[debug]           Load.loadUnit: plugins took 32.017346ms
[debug]           Load.loadUnit: defsScala took 0.006088ms
[debug] [Loading] Scanning directory /home/sammy-thige/IdeaProjects/LightBend1/project
[debug]             Load.loadUnit: mkEval took 10.100454ms
[debug] [Loading] Found non-root projects 
[debug] [Loading] Done in /home/sammy-thige/IdeaProjects/LightBend1/project, returning: ()
[debug] deducing auto plugins based on known facts Set(Atom(sbt.plugins.CorePlugin)) and clauses Clauses(Clause(Atom(sbt.plugins.JvmPlugin),Set(Atom(sbt.plugins.IvyPlugin)))
[debug] Clause(Atom(sbt.ScriptedPlugin),Set(Atom(sbt.plugins.JvmPlugin)))
[debug] Clause(Atom(sbt.plugins.SbtPlugin),Set(Atom(sbt.ScriptedPlugin)))
[debug] Clause(Atom(sbt.plugins.SemanticdbPlugin),Set(Atom(sbt.plugins.JvmPlugin)))
[debug] Clause(Atom(sbt.plugins.JUnitXmlReportPlugin),Set(Atom(sbt.plugins.JvmPlugin)))
[debug] Clause(Atom(sbt.plugins.MiniDependencyTreePlugin),Set(Atom(sbt.plugins.JvmPlugin)))
[debug] Clause(Atom(sbt.plugins.CorePlugin),Set(Atom(sbt.plugins.IvyPlugin)))
[debug] Clause(Atom(sbt.plugins.IvyPlugin),Set(Atom(sbt.plugins.JvmPlugin)))
[debug] Clause(Atom(sbt.plugins.JvmPlugin),Set(Atom(sbt.plugins.SemanticdbPlugin)))
[debug] Clause(Atom(sbt.plugins.JvmPlugin),Set(Atom(sbt.plugins.JUnitXmlReportPlugin)))
[debug] Clause(Atom(sbt.plugins.CorePlugin),Set(Atom(sbt.plugins.Giter8TemplatePlugin)))
[debug] Clause(Atom(sbt.plugins.JvmPlugin),Set(Atom(sbt.plugins.MiniDependencyTreePlugin))))
[debug]   :: deduced result: Matched(sbt.plugins.CorePlugin,sbt.plugins.Giter8TemplatePlugin,sbt.plugins.IvyPlugin,sbt.plugins.JvmPlugin,sbt.plugins.MiniDependencyTreePlugin,sbt.plugins.JUnitXmlReportPlugin,sbt.plugins.SemanticdbPlugin)
[debug] Plugins.deducer#function took 3.039609 ms
[info] loading settings for project lightbend1-build from assembly.sbt ...
[debug]               Load.resolveProject(lightbend1-build) took 3.581827ms
[debug]             Load.loadTransitive: finalizeProject(Project(id lightbend1-build, base: /home/sammy-thige/IdeaProjects/LightBend1/project, plugins: List(<none>))) took 7.403571ms
[debug] [Loading] Done in /home/sammy-thige/IdeaProjects/LightBend1/project, returning: (lightbend1-build)
[debug]           Load.loadUnit: loadedProjectsRaw took 186.731656ms
[debug]           Load.loadUnit: cleanEvalClasses took 5.002339ms
[debug]         Load.loadUnit(file:/home/sammy-thige/IdeaProjects/LightBend1/project/, ...) took 224.841439ms
[debug]       Load.apply: load took 226.657989ms
[debug]       Load.apply: resolveProjects took 0.168112ms
[debug]       Load.apply: finalTransforms took 14.968512ms
[debug]       Load.apply: config.delegates took 0.815905ms
[debug]       Load.apply: Def.make(settings)... took 131.730926ms
[debug]       Load.apply: structureIndex took 45.102701ms
[debug]       Load.apply: mkStreams took 0.003797ms
[info] loading project definition from /home/sammy-thige/IdeaProjects/LightBend1/project
[debug] Running task... Cancel: Signal, check cycles: false, forcegc: true
[debug]     Load.loadUnit: plugins took 925.684708ms
[debug]     Load.loadUnit: defsScala took 0.008499ms
[debug] [Loading] Scanning directory /home/sammy-thige/IdeaProjects/LightBend1
[debug]       Load.loadUnit: mkEval took 0.363354ms
[debug] [Loading] Found root project root w/ remaining 
[debug] deducing auto plugins based on known facts Set(Atom(sbt.plugins.CorePlugin)) and clauses Clauses(Clause(Atom(sbt.plugins.JvmPlugin),Set(Atom(sbt.plugins.IvyPlugin)))
[debug] Clause(Atom(sbt.ScriptedPlugin),Set(Atom(sbt.plugins.JvmPlugin)))
[debug] Clause(Atom(sbt.plugins.SbtPlugin),Set(Atom(sbt.ScriptedPlugin)))
[debug] Clause(Atom(sbt.plugins.SemanticdbPlugin),Set(Atom(sbt.plugins.JvmPlugin)))
[debug] Clause(Atom(sbt.plugins.JUnitXmlReportPlugin),Set(Atom(sbt.plugins.JvmPlugin)))
[debug] Clause(Atom(sbt.plugins.MiniDependencyTreePlugin),Set(Atom(sbt.plugins.JvmPlugin)))
[debug] Clause(Atom(sbtassembly.AssemblyPlugin),Set(Atom(sbt.plugins.JvmPlugin)))
[debug] Clause(Atom(sbt.plugins.CorePlugin),Set(Atom(sbt.plugins.IvyPlugin)))
[debug] Clause(Atom(sbt.plugins.IvyPlugin),Set(Atom(sbt.plugins.JvmPlugin)))
[debug] Clause(Atom(sbt.plugins.JvmPlugin),Set(Atom(sbt.plugins.SemanticdbPlugin)))
[debug] Clause(Atom(sbt.plugins.JvmPlugin),Set(Atom(sbt.plugins.JUnitXmlReportPlugin)))
[debug] Clause(Atom(sbt.plugins.CorePlugin),Set(Atom(sbt.plugins.Giter8TemplatePlugin)))
[debug] Clause(Atom(sbt.plugins.JvmPlugin),Set(Atom(sbt.plugins.MiniDependencyTreePlugin)))
[debug] Clause(Atom(sbt.plugins.JvmPlugin),Set(Atom(sbtassembly.AssemblyPlugin))))
[debug]   :: deduced result: Matched(sbt.plugins.CorePlugin,sbt.plugins.Giter8TemplatePlugin,sbt.plugins.IvyPlugin,sbt.plugins.JvmPlugin,sbtassembly.AssemblyPlugin,sbt.plugins.MiniDependencyTreePlugin,sbt.plugins.JUnitXmlReportPlugin,sbt.plugins.SemanticdbPlugin)
[debug] Plugins.deducer#function took 3.055263 ms
[info] loading settings for project root from build.sbt ...
[debug]         Load.resolveProject(root) took 39.364775ms
[debug]       Load.loadTransitive: finalizeProject(Project(id root, base: /home/sammy-thige/IdeaProjects/LightBend1, plugins: List(<none>))) took 44.22875ms
[debug] [Loading] Done in /home/sammy-thige/IdeaProjects/LightBend1, returning: (root)
[debug]     Load.loadUnit: loadedProjectsRaw took 2509.095412ms
[debug]     Load.loadUnit: cleanEvalClasses took 2.868329ms
[debug]   Load.loadUnit(file:/home/sammy-thige/IdeaProjects/LightBend1/, ...) took 3438.736664ms
[debug] Load.apply: load took 3440.895066ms
[debug] Load.apply: resolveProjects took 0.137035ms
[debug] Load.apply: finalTransforms took 18.565266ms
[debug] Load.apply: config.delegates took 0.531389ms
[debug] Load.apply: Def.make(settings)... took 157.692572ms
[debug] Load.apply: structureIndex took 42.056846ms
[debug] Load.apply: mkStreams took 0.003164ms
[info] set current project to LightBend1 (in build file:/home/sammy-thige/IdeaProjects/LightBend1/)
[debug] > Exec(sbtPopOnFailure, None, None)
[debug] > Exec(resumeFromFailure, None, None)
[debug] > Exec(notifyUsersAboutShell, None, None)
[debug] > Exec(iflast shell, None, None)
[debug] > Exec(shell, None, None)
[info] sbt server started at local:///home/sammy-thige/.sbt/1.0/server/4e6c02292a101fb90742/sock
[debug] Writing bsp connection file
[info] started sbt server
