2022.03.31 14:55:23 INFO  tracing is disabled for protocol LSP, to enable tracing of incoming and outgoing JSON messages create an empty file at /home/sammy-thige/IdeaProjects/LightBend1/.metals/lsp.trace.json or /home/sammy-thige/.cache/metals/lsp.trace.json
2022.03.31 14:55:24 INFO  logging to file /home/sammy-thige/IdeaProjects/LightBend1/.metals/metals.log
2022.03.31 14:55:36 INFO  tracing is disabled for protocol LSP, to enable tracing of incoming and outgoing JSON messages create an empty file at /home/sammy-thige/IdeaProjects/LightBend1/.metals/lsp.trace.json or /home/sammy-thige/.cache/metals/lsp.trace.json
2022.03.31 14:55:37 INFO  logging to file /home/sammy-thige/IdeaProjects/LightBend1/.metals/metals.log
2022.03.31 14:55:37 INFO  Started: Metals version 0.11.2 in workspace '/home/sammy-thige/IdeaProjects/LightBend1' for client Visual Studio Code 1.65.2.
2022.03.31 14:55:37 INFO  Parse release: 17.0.1
Exception in thread "pool-1-thread-2" java.lang.InterruptedException
	at java.base/java.util.concurrent.locks.AbstractQueuedSynchronizer.acquireSharedInterruptibly(AbstractQueuedSynchronizer.java:1048)
	at coursierapi.shaded.scala.concurrent.impl.Promise$DefaultPromise.tryAwait0(Promise.scala:243)
	at coursierapi.shaded.scala.concurrent.impl.Promise$DefaultPromise.result(Promise.scala:261)
	at coursierapi.shaded.scala.concurrent.Await$.$anonfun$result$1(package.scala:201)
	at coursierapi.shaded.scala.concurrent.BlockContext$DefaultBlockContext$.blockOn(BlockContext.scala:62)
	at coursierapi.shaded.scala.concurrent.Await$.result(package.scala:124)
	at coursierapi.shaded.coursier.Fetch$FetchTaskOps$.eitherResult$extension(Fetch.scala:327)
	at coursierapi.shaded.coursier.internal.api.ApiHelper$.doFetch(ApiHelper.scala:334)
	at coursierapi.shaded.coursier.internal.api.ApiHelper.doFetch(ApiHelper.scala)
	at coursierapi.Fetch.fetchResult(Fetch.java:244)
	at coursierapi.Fetch.fetch(Fetch.java:239)
	at scala.meta.internal.metals.Embedded$.downloadDependency(Embedded.scala:238)
	at scala.meta.internal.metals.Embedded$.downloadSemanticdbJavac(Embedded.scala:266)
	at scala.meta.internal.metals.JavaInteractiveSemanticdb$.create(JavaInteractiveSemanticdb.scala:202)
	at scala.meta.internal.metals.MetalsLanguageServer.$anonfun$updateWorkspaceDirectory$8(MetalsLanguageServer.scala:381)
	at scala.Option.flatMap(Option.scala:271)
	at scala.meta.internal.metals.MetalsLanguageServer.updateWorkspaceDirectory(MetalsLanguageServer.scala:381)
	at scala.meta.internal.metals.MetalsLanguageServer.$anonfun$initialize$2(MetalsLanguageServer.scala:828)
	at scala.concurrent.Future$.$anonfun$apply$1(Future.scala:659)
	at scala.util.Success.$anonfun$map$1(Try.scala:255)
	at scala.util.Success.map(Try.scala:213)
	at scala.concurrent.Future.$anonfun$map$1(Future.scala:292)
	at scala.concurrent.impl.Promise.liftedTree1$1(Promise.scala:33)
	at scala.concurrent.impl.Promise.$anonfun$transform$1(Promise.scala:33)
	at scala.concurrent.impl.CallbackRunnable.run(Promise.scala:64)
	at java.base/java.util.concurrent.ThreadPoolExecutor.runWorker(ThreadPoolExecutor.java:1136)
	at java.base/java.util.concurrent.ThreadPoolExecutor$Worker.run(ThreadPoolExecutor.java:635)
	at java.base/java.lang.Thread.run(Thread.java:833)
2022.03.31 14:56:47 INFO  tracing is disabled for protocol LSP, to enable tracing of incoming and outgoing JSON messages create an empty file at /home/sammy-thige/IdeaProjects/LightBend1/.metals/lsp.trace.json or /home/sammy-thige/.cache/metals/lsp.trace.json[0m
2022.03.31 14:56:48 INFO  logging to file /home/sammy-thige/IdeaProjects/LightBend1/.metals/metals.log[0m
2022.03.31 14:56:48 INFO  Started: Metals version 0.11.2 in workspace '/home/sammy-thige/IdeaProjects/LightBend1' for client Visual Studio Code 1.65.2.[0m
2022.03.31 14:56:48 INFO  Parse release: 17.0.1[0m
2022.03.31 14:56:54 INFO  time: initialize in 6.03s[0m
2022.03.31 14:56:54 WARN  Build server is not auto-connectable.[0m
2022.03.31 15:00:38 INFO  tracing is disabled for protocol LSP, to enable tracing of incoming and outgoing JSON messages create an empty file at /home/sammy-thige/IdeaProjects/LightBend1/.metals/lsp.trace.json or /home/sammy-thige/.cache/metals/lsp.trace.json
2022.03.31 15:00:39 INFO  logging to file /home/sammy-thige/IdeaProjects/LightBend1/.metals/metals.log
2022.03.31 15:00:39 INFO  Started: Metals version 0.11.2 in workspace '/home/sammy-thige/IdeaProjects/LightBend1' for client Visual Studio Code 1.65.2.
2022.03.31 15:00:39 INFO  Parse release: 17.0.1
2022.03.31 15:00:43 INFO  time: initialize in 4.24s
2022.03.31 15:00:47 WARN  Build server is not auto-connectable.
2022.03.31 15:00:47 INFO  skipping build import with status 'Requested'
2022.03.31 15:03:37 INFO  tracing is disabled for protocol LSP, to enable tracing of incoming and outgoing JSON messages create an empty file at /home/sammy-thige/Videos/LightBend1/.metals/lsp.trace.json or /home/sammy-thige/.cache/metals/lsp.trace.json
2022.03.31 15:03:37 INFO  logging to file /home/sammy-thige/Videos/LightBend1/.metals/metals.log
2022.03.31 15:03:37 INFO  Started: Metals version 0.11.2 in workspace '/home/sammy-thige/Videos/LightBend1' for client Visual Studio Code 1.65.2.
2022.03.31 15:03:37 INFO  Parse release: 17.0.1
2022.03.31 15:03:41 INFO  time: initialize in 4.07s
2022.03.31 15:03:45 WARN  Build server is not auto-connectable.
Mar 31, 2022 3:04:33 PM org.eclipse.lsp4j.jsonrpc.services.GenericEndpoint notify
INFO: Unsupported notification method: $/setTrace
